<?xml version="1.0" encoding="UTF-8"?>
<!-- Generated by org.testng.reporters.JUnitReportReporter -->
<testsuite hostname="N9484" name="org.Trade_Automation.driver.Driver_s" tests="1" failures="0" timestamp="13 Sep 2017 08:44:58 GMT" time="8.863" errors="0">
  <testcase name="run" time="8.863" classname="org.Trade_Automation.driver.Driver_s"/>
</testsuite> <!-- org.Trade_Automation.driver.Driver_s -->
